Determining if the pthread_create exist failed with the following output:
Change Dir: /home/hara/whiteline/build/catkin_tools_prebuild/CMakeFiles/CMakeTmp

Run Build Command:"/usr/bin/make" "cmTC_90ecf/fast"
/usr/bin/make -f CMakeFiles/cmTC_90ecf.dir/build.make CMakeFiles/cmTC_90ecf.dir/build
make[1]: ディレクトリ '/home/hara/whiteline/build/catkin_tools_prebuild/CMakeFiles/CMakeTmp' に入ります
Building C object CMakeFiles/cmTC_90ecf.dir/CheckSymbolExists.c.o
/usr/bin/cc    -o CMakeFiles/cmTC_90ecf.dir/CheckSymbolExists.c.o   -c /home/hara/whiteline/build/catkin_tools_prebuild/CMakeFiles/CMakeTmp/CheckSymbolExists.c
Linking C executable cmTC_90ecf
/usr/bin/cmake -E cmake_link_script CMakeFiles/cmTC_90ecf.dir/link.txt --verbose=1
/usr/bin/cc      -rdynamic CMakeFiles/cmTC_90ecf.dir/CheckSymbolExists.c.o  -o cmTC_90ecf 
CMakeFiles/cmTC_90ecf.dir/CheckSymbolExists.c.o: 関数 `main' 内:
CheckSymbolExists.c:(.text+0x1b): `pthread_create' に対する定義されていない参照です
collect2: error: ld returned 1 exit status
CMakeFiles/cmTC_90ecf.dir/build.make:97: recipe for target 'cmTC_90ecf' failed
make[1]: *** [cmTC_90ecf] Error 1
make[1]: ディレクトリ '/home/hara/whiteline/build/catkin_tools_prebuild/CMakeFiles/CMakeTmp' から出ます
Makefile:126: recipe for target 'cmTC_90ecf/fast' failed
make: *** [cmTC_90ecf/fast] Error 2

File /home/hara/whiteline/build/catkin_tools_prebuild/CMakeFiles/CMakeTmp/CheckSymbolExists.c:
/* */
#include <pthread.h>

int main(int argc, char** argv)
{
  (void)argv;
#ifndef pthread_create
  return ((int*)(&pthread_create))[argc];
#else
  (void)argc;
  return 0;
#endif
}

Determining if the function pthread_create exists in the pthreads failed with the following output:
Change Dir: /home/hara/whiteline/build/catkin_tools_prebuild/CMakeFiles/CMakeTmp

Run Build Command:"/usr/bin/make" "cmTC_04372/fast"
/usr/bin/make -f CMakeFiles/cmTC_04372.dir/build.make CMakeFiles/cmTC_04372.dir/build
make[1]: ディレクトリ '/home/hara/whiteline/build/catkin_tools_prebuild/CMakeFiles/CMakeTmp' に入ります
Building C object CMakeFiles/cmTC_04372.dir/CheckFunctionExists.c.o
/usr/bin/cc   -DCHECK_FUNCTION_EXISTS=pthread_create   -o CMakeFiles/cmTC_04372.dir/CheckFunctionExists.c.o   -c /usr/share/cmake-3.10/Modules/CheckFunctionExists.c
Linking C executable cmTC_04372
/usr/bin/cmake -E cmake_link_script CMakeFiles/cmTC_04372.dir/link.txt --verbose=1
/usr/bin/cc  -DCHECK_FUNCTION_EXISTS=pthread_create    -rdynamic CMakeFiles/cmTC_04372.dir/CheckFunctionExists.c.o  -o cmTC_04372 -lpthreads 
/usr/bin/ld: -lpthreads が見つかりません
collect2: error: ld returned 1 exit status
CMakeFiles/cmTC_04372.dir/build.make:97: recipe for target 'cmTC_04372' failed
make[1]: *** [cmTC_04372] Error 1
make[1]: ディレクトリ '/home/hara/whiteline/build/catkin_tools_prebuild/CMakeFiles/CMakeTmp' から出ます
Makefile:126: recipe for target 'cmTC_04372/fast' failed
make: *** [cmTC_04372/fast] Error 2


